Reading pref.tcl

# 2022.4

# do sim_build/runsim.do
# QuestaSim-64 vmap 2022.4 Lib Mapping Utility 2022.10 Oct 18 2022
# vmap -c 
# Copying /home/emnalo/Downloads/QUESTA-CORE-PRIME_2022.4_RHELx86/Siemens/2022-23/RHELx86/QUESTA-CORE-PRIME_2022.4/questasim/linux_x86_64/../modelsim.ini to modelsim.ini
# QuestaSim-64 vmap 2022.4 Lib Mapping Utility 2022.10 Oct 18 2022
# vmap work sim_build/work 
# Modifying modelsim.ini
# QuestaSim-64 vcom 2022.4 Compiler 2022.10 Oct 18 2022
# Start time: 17:19:06 on Jul 31,2024
# vcom -work work "+acc" /home/emnalo/cocotb-tfm/Processors/usimplez_16_bits/QUESTA-VHDL/GoldenRun/source/Test_Bench.vhd /home/emnalo/cocotb-tfm/Processors/usimplez_16_bits/QUESTA-VHDL/GoldenRun/source/components.vhd /home/emnalo/cocotb-tfm/Processors/usimplez_16_bits/QUESTA-VHDL/GoldenRun/source/usimplez_cpu.vhd /home/emnalo/cocotb-tfm/Processors/usimplez_16_bits/QUESTA-VHDL/GoldenRun/source/usimplez_ram.vhd /home/emnalo/cocotb-tfm/Processors/usimplez_16_bits/QUESTA-VHDL/GoldenRun/source/usimplez_top.vhd 
# -- Loading package STANDARD
# -- Loading package TEXTIO
# -- Loading package std_logic_1164
# -- Loading package NUMERIC_STD
# -- Compiling entity Bench
# -- Compiling architecture Test_Bench of Bench
# -- Loading package std_logic_arith
# -- Compiling package COMPONENTS
# -- Compiling package body COMPONENTS
# -- Loading package COMPONENTS
# ** Warning: /home/emnalo/cocotb-tfm/Processors/usimplez_16_bits/QUESTA-VHDL/GoldenRun/source/components.vhd(2885): Function 'bit_width' may complete without a RETURN at line 2882.
# -- Loading package COMPONENTS
# -- Compiling entity usimplez_cpu
# -- Compiling architecture fsm of usimplez_cpu
# -- Compiling entity usimplez_ram
# -- Compiling architecture rtl of usimplez_ram
# -- Compiling entity usimplez_top
# -- Compiling architecture str of usimplez_top
# End time: 17:19:07 on Jul 31,2024, Elapsed time: 0:00:01
# Errors: 0, Warnings: 1
# vsim -onfinish exit -t 1ps -foreign "cocotb_init /home/emnalo/.local/lib/python3.10/site-packages/cocotb/libs/libcocotbfli_modelsim.so" sim_build/work.bench 
# Start time: 17:19:07 on Jul 31,2024
# ** Note: (vsim-3812) Design is being optimized...
# ** Warning: (vopt-10587) Some optimizations are turned off because the +acc switch is in effect. This will cause your simulation to run slowly. Please use -access/-debug to maintain needed visibility.
# ** Note: (vopt-143) Recognized 1 FSM in architecture body "usimplez_cpu(fsm)".
# ** Note: (vsim-12126) Error and warning message counts have been restored: Errors=0, Warnings=1.
# //  Questa Sim-64
# //  Version 2022.4 linux_x86_64 Oct 18 2022
# //
# //  Copyright 1991-2022 Mentor Graphics Corporation
# //  All Rights Reserved.
# //
# //  QuestaSim and its associated documentation contain trade
# //  secrets and commercial or financial information that are the property of
# //  Mentor Graphics Corporation and are privileged, confidential,
# //  and exempt from disclosure under the Freedom of Information Act,
# //  5 U.S.C. Section 552. Furthermore, this information
# //  is prohibited from disclosure under the Trade Secrets Act,
# //  18 U.S.C. Section 1905.
# //
# Loading std.standard
# Loading std.textio(body)
# Loading ieee.std_logic_1164(body)
# Loading ieee.numeric_std(body)
# Loading work.bench(test_bench)#1
# Loading ieee.std_logic_arith(body)
# Loading work.components(body)
# Loading work.usimplez_top(str)#1
# Loading work.usimplez_cpu(fsm)#1
# Loading work.usimplez_ram(rtl)#1
# Loading /home/emnalo/.local/lib/python3.10/site-packages/cocotb/libs/libcocotbfli_modelsim.so
#      -.--ns INFO     gpi                                ..ib/fli/FliImpl.cpp:1150 in cocotb_init                     cocotb_init called
#      -.--ns INFO     gpi                                ..mbed/gpi_embed.cpp:79   in set_program_name_in_venv        Did not detect Python virtual environment. Using system-wide Python interpreter
#      -.--ns INFO     gpi                                ../gpi/GpiCommon.cpp:101  in gpi_print_registered_impl       FLI registered
#      0.00ns INFO     cocotb                             Running on ModelSim for Questa-64 version 2022.4 2022.10
#      0.00ns INFO     cocotb                             Running tests with cocotb v2.0.0.dev0+36832c15 from /home/emnalo/.local/lib/python3.10/site-packages/cocotb
#      0.00ns WARNING  gpi                                FLI: Other iterator types not implemented yet
#      0.00ns INFO     cocotb                             Seeding Python random module with 1722439150
#      0.00ns INFO     cocotb.regression                  running GoldenRun.golden_run (1/1)
# ** Warning: NUMERIC_STD.TO_INTEGER: metavalue detected, returning 0
#    Time: 0 ps  Iteration: 0  Instance: /bench/top/ram
#   5000.00ns INFO     cocotb.regression                  GoldenRun.golden_run passed
#   5000.00ns INFO     cocotb.regression                  **************************************************************************************
#                                                         ** TEST                          STATUS  SIM TIME (ns)  REAL TIME (s)  RATIO (ns/s) **
#                                                         **************************************************************************************
#                                                         ** GoldenRun.golden_run           PASS        5000.00           0.01     369386.06  **
#                                                         **************************************************************************************
#                                                         ** TESTS=1 PASS=1 FAIL=0 SKIP=0               5000.00           0.02     303644.69  **
#                                                         **************************************************************************************
#                                                         
# Simulation halt requested by foreign interface.
# End time: 17:19:10 on Jul 31,2024, Elapsed time: 0:00:03
# Errors: 0, Warnings: 2
