Reading pref.tcl

# 2022.4

# do sim_build/runsim.do
# QuestaSim-64 vmap 2022.4 Lib Mapping Utility 2022.10 Oct 18 2022
# vmap -c 
# ** Warning: vmap will not overwrite local modelsim.ini.
# QuestaSim-64 vmap 2022.4 Lib Mapping Utility 2022.10 Oct 18 2022
# vmap work sim_build/work 
# Modifying modelsim.ini
# QuestaSim-64 vlog 2022.4 Compiler 2022.10 Oct 18 2022
# Start time: 19:24:18 on Aug 08,2024
# vlog -work work -sv -timescale 1ns/1ps -mfcu "+acc" /home/emnalo/cocotb-tfm/Processors/PICStructural/QUESTA-VERILOG/GoldenRun/source/fadr_mux.v /home/emnalo/cocotb-tfm/Processors/PICStructural/QUESTA-VERILOG/GoldenRun/source/pic_alu.v /home/emnalo/cocotb-tfm/Processors/PICStructural/QUESTA-VERILOG/GoldenRun/source/reg_8rst.v /home/emnalo/cocotb-tfm/Processors/PICStructural/QUESTA-VERILOG/GoldenRun/source/reg_8t.v /home/emnalo/cocotb-tfm/Processors/PICStructural/QUESTA-VERILOG/GoldenRun/source/reg_cons.v /home/emnalo/cocotb-tfm/Processors/PICStructural/QUESTA-VERILOG/GoldenRun/source/reg_file.v /home/emnalo/cocotb-tfm/Processors/PICStructural/QUESTA-VERILOG/GoldenRun/source/reg_fsr.v /home/emnalo/cocotb-tfm/Processors/PICStructural/QUESTA-VERILOG/GoldenRun/source/reg_inst.v /home/emnalo/cocotb-tfm/Processors/PICStructural/QUESTA-VERILOG/GoldenRun/source/reg_io.v /home/emnalo/cocotb-tfm/Processors/PICStructural/QUESTA-VERILOG/GoldenRun/source/reg_pc.v /home/emnalo/cocotb-tfm/Processors/PICStructural/QUESTA-VERILOG/GoldenRun/source/reg_s.v /home/emnalo/cocotb-tfm/Processors/PICStructural/QUESTA-VERILOG/GoldenRun/source/reg_w.v /home/emnalo/cocotb-tfm/Processors/PICStructural/QUESTA-VERILOG/GoldenRun/source/pic_core.v /home/emnalo/cocotb-tfm/Processors/PICStructural/QUESTA-VERILOG/GoldenRun/source/pic_ctrl.v /home/emnalo/cocotb-tfm/Processors/PICStructural/QUESTA-VERILOG/GoldenRun/source/pic_rom.v /home/emnalo/cocotb-tfm/Processors/PICStructural/QUESTA-VERILOG/GoldenRun/source/bench.v 
# -- Compiling module fadr_mux
# -- Compiling module pic_alu
# -- Compiling module reg_8rst
# -- Compiling module reg_8t
# -- Compiling module reg_cons
# -- Compiling module reg_file
# -- Compiling module reg_fsr
# -- Compiling module reg_inst
# -- Compiling module reg_io
# -- Compiling module reg_pc
# -- Compiling module reg_s
# -- Compiling module reg_w
# -- Compiling module pic_core
# -- Compiling module pic_ctrl
# -- Compiling module pic_rom
# -- Compiling module bench
# 
# Top level modules:
# 	bench
# End time: 19:24:18 on Aug 08,2024, Elapsed time: 0:00:00
# Errors: 0, Warnings: 0
# vsim -onfinish exit -pli "/home/emnalo/.local/lib/python3.10/site-packages/cocotb/libs/libcocotbvpi_modelsim.so" sim_build/work.bench 
# Start time: 19:24:18 on Aug 08,2024
# ** Note: (vsim-3812) Design is being optimized...
# ** Warning: (vsim-3865) Due to PLI being present, global +acc is being enabled automatically. This will cause your simulation to run very slowly. Please use vsim -no_autoacc to disable this feature. This feature is now deprecated and will be removed from future releases.
# ** Warning: (vopt-10587) Some optimizations are turned off because the +acc switch is in effect. This will cause your simulation to run slowly. Please use -access/-debug to maintain needed visibility.
# ** Note: (vsim-12126) Error and warning message counts have been restored: Errors=0, Warnings=2.
# //  Questa Sim-64
# //  Version 2022.4 linux_x86_64 Oct 18 2022
# //
# //  Copyright 1991-2022 Mentor Graphics Corporation
# //  All Rights Reserved.
# //
# //  QuestaSim and its associated documentation contain trade
# //  secrets and commercial or financial information that are the property of
# //  Mentor Graphics Corporation and are privileged, confidential,
# //  and exempt from disclosure under the Freedom of Information Act,
# //  5 U.S.C. Section 552. Furthermore, this information
# //  is prohibited from disclosure under the Trade Secrets Act,
# //  18 U.S.C. Section 1905.
# //
# Loading sv_std.std
# Loading work.bench(fast)
# Loading work.pic_core(fast)
# Loading work.pic_rom(fast)
# Loading work.reg_io(fast)
# Loading work.reg_w(fast)
# Loading work.reg_8rst(fast)
# Loading work.reg_inst(fast)
# Loading work.reg_fsr(fast)
# Loading work.fadr_mux(fast)
# Loading work.reg_file(fast)
# Loading work.reg_pc(fast)
# Loading work.reg_s(fast)
# Loading work.reg_cons(fast)
# Loading work.reg_8t(fast)
# Loading work.pic_alu(fast)
# Loading work.pic_ctrl(fast)
# Loading /home/emnalo/.local/lib/python3.10/site-packages/cocotb/libs/libcocotbvpi_modelsim.so
#      -.--ns INFO     gpi                                ..mbed/gpi_embed.cpp:79   in set_program_name_in_venv        Did not detect Python virtual environment. Using system-wide Python interpreter
#      -.--ns INFO     gpi                                ../gpi/GpiCommon.cpp:101  in gpi_print_registered_impl       VPI registered
#      0.00ns INFO     cocotb                             Running on ModelSim for Questa-64 version 2022.4 2022.10
#      0.00ns INFO     cocotb                             Running tests with cocotb v2.0.0.dev0+36832c15 from /home/emnalo/.local/lib/python3.10/site-packages/cocotb
#      0.00ns INFO     cocotb                             Seeding Python random module with 1723137859
#      0.00ns INFO     cocotb.regression                  running GoldenRun.golden_run (1/1)
#   9000.00ns INFO     cocotb.regression                  GoldenRun.golden_run passed
#   9000.00ns INFO     cocotb.regression                  **************************************************************************************
#                                                         ** TEST                          STATUS  SIM TIME (ns)  REAL TIME (s)  RATIO (ns/s) **
#                                                         **************************************************************************************
#                                                         ** GoldenRun.golden_run           PASS        9000.00           0.02     593207.20  **
#                                                         **************************************************************************************
#                                                         ** TESTS=1 PASS=1 FAIL=0 SKIP=0               9000.00           0.02     492893.48  **
#                                                         **************************************************************************************
#                                                         
# ** Note: $finish    : UNKNOWN(-1)
#    Time: 9000001 ps  Iteration: 0  Instance: /bench
# End time: 19:24:19 on Aug 08,2024, Elapsed time: 0:00:01
# Errors: 0, Warnings: 2
